13-02-2020 23:58:05.451 [main] INFO  Cheta314718101 - nes-payment - com.nagarro.nes.NESPaymentApplication.logStartupProfileInfo(655) - The following profiles are active: dev
13-02-2020 23:58:06.600 [main] INFO  Cheta314718101 - nes-payment - org.springframework.cloud.context.scope.GenericScope.setSerializationId(295) - BeanFactory id=bda056b5-bfae-3575-8297-1d1ef968eea9
13-02-2020 23:58:06.715 [main] INFO  Cheta314718101 - nes-payment - org.springframework.context.support.PostProcessorRegistrationDelegate$BeanPostProcessorChecker.postProcessAfterInitialization(330) - Bean 'org.springframework.cloud.autoconfigure.ConfigurationPropertiesRebinderAutoConfiguration' of type [org.springframework.cloud.autoconfigure.ConfigurationPropertiesRebinderAutoConfiguration] is not eligible for getting processed by all BeanPostProcessors (for example: not eligible for auto-proxying)
13-02-2020 23:58:07.032 [main] INFO  Cheta314718101 - nes-payment - org.springframework.boot.web.embedded.tomcat.TomcatWebServer.initialize(92) - Tomcat initialized with port(s): 8082 (http)
13-02-2020 23:58:07.043 [main] INFO  Cheta314718101 - nes-payment - org.apache.coyote.http11.Http11NioProtocol.log(173) - Initializing ProtocolHandler ["http-nio-8082"]
13-02-2020 23:58:07.044 [main] INFO  Cheta314718101 - nes-payment - org.apache.catalina.core.StandardService.log(173) - Starting service [Tomcat]
13-02-2020 23:58:07.044 [main] INFO  Cheta314718101 - nes-payment - org.apache.catalina.core.StandardEngine.log(173) - Starting Servlet engine: [Apache Tomcat/9.0.30]
13-02-2020 23:58:07.230 [main] INFO  Cheta314718101 - nes-payment - org.apache.catalina.core.ContainerBase.[Tomcat].[localhost].[/].log(173) - Initializing Spring embedded WebApplicationContext
13-02-2020 23:58:07.231 [main] INFO  Cheta314718101 - nes-payment - org.springframework.web.context.ContextLoader.prepareWebApplicationContext(284) - Root WebApplicationContext: initialization completed in 1764 ms
13-02-2020 23:58:07.317 [main] DEBUG Cheta314718101 - nes-payment - com.nagarro.nes.store.PaymentStore.init(24) - Storing some users before initialisation
13-02-2020 23:58:07.712 [main] INFO  Cheta314718101 - nes-payment - springfox.documentation.spring.web.PropertySourcedRequestMappingHandlerMapping.initHandlerMethods(69) - Mapped URL path [/v2/api-docs] onto method [springfox.documentation.swagger2.web.Swagger2Controller#getDocumentation(String, HttpServletRequest)]
13-02-2020 23:58:07.733 [main] WARN  Cheta314718101 - nes-payment - com.netflix.config.sources.URLConfigurationSource.<init>(121) - No URLs will be polled as dynamic configuration sources.
13-02-2020 23:58:07.733 [main] INFO  Cheta314718101 - nes-payment - com.netflix.config.sources.URLConfigurationSource.<init>(122) - To enable URLs as dynamic configuration sources, define System property archaius.configurationSource.additionalUrls or make config.properties available on classpath.
13-02-2020 23:58:07.739 [main] WARN  Cheta314718101 - nes-payment - com.netflix.config.sources.URLConfigurationSource.<init>(121) - No URLs will be polled as dynamic configuration sources.
13-02-2020 23:58:07.739 [main] INFO  Cheta314718101 - nes-payment - com.netflix.config.sources.URLConfigurationSource.<init>(122) - To enable URLs as dynamic configuration sources, define System property archaius.configurationSource.additionalUrls or make config.properties available on classpath.
13-02-2020 23:58:07.896 [main] INFO  Cheta314718101 - nes-payment - org.springframework.scheduling.concurrent.ThreadPoolTaskExecutor.initialize(171) - Initializing ExecutorService 'applicationTaskExecutor'
13-02-2020 23:58:13.972 [main] WARN  Cheta314718101 - nes-payment - org.springframework.cloud.loadbalancer.config.BlockingLoadBalancerClientAutoConfiguration$BlockingLoadBalancerClientRibbonWarnLogger.logWarning(106) - You already have RibbonLoadBalancerClient on your classpath. It will be used by default. As Spring Cloud Ribbon is in maintenance mode. We recommend switching to BlockingLoadBalancerClient instead. In order to use it, set the value of `spring.cloud.loadbalancer.ribbon.enabled` to `false` or remove spring-cloud-starter-netflix-ribbon from your project.
13-02-2020 23:58:14.022 [main] WARN  Cheta314718101 - nes-payment - org.springframework.cloud.loadbalancer.config.LoadBalancerCacheAutoConfiguration$LoadBalancerCaffeineWarnLogger.logWarning(81) - Spring Cloud LoadBalancer is currently working with default default cache. You can switch to using Caffeine cache, by adding it to the classpath.
13-02-2020 23:58:14.058 [main] INFO  Cheta314718101 - nes-payment - org.springframework.cloud.netflix.eureka.InstanceInfoFactory.create(72) - Setting initial instance status as: STARTING
13-02-2020 23:58:14.112 [main] INFO  Cheta314718101 - nes-payment - com.netflix.discovery.DiscoveryClient.<init>(365) - Initializing Eureka in region us-east-1
13-02-2020 23:58:14.319 [main] INFO  Cheta314718101 - nes-payment - com.netflix.discovery.provider.DiscoveryJerseyProvider.<init>(70) - Using JSON encoding codec LegacyJacksonJson
13-02-2020 23:58:14.319 [main] INFO  Cheta314718101 - nes-payment - com.netflix.discovery.provider.DiscoveryJerseyProvider.<init>(71) - Using JSON decoding codec LegacyJacksonJson
13-02-2020 23:58:14.490 [main] INFO  Cheta314718101 - nes-payment - com.netflix.discovery.provider.DiscoveryJerseyProvider.<init>(80) - Using XML encoding codec XStreamXml
13-02-2020 23:58:14.491 [main] INFO  Cheta314718101 - nes-payment - com.netflix.discovery.provider.DiscoveryJerseyProvider.<init>(81) - Using XML decoding codec XStreamXml
13-02-2020 23:58:14.696 [main] INFO  Cheta314718101 - nes-payment - com.netflix.discovery.shared.resolver.aws.ConfigClusterResolver.getClusterEndpoints(43) - Resolving eureka endpoints via configuration
13-02-2020 23:58:15.603 [main] INFO  Cheta314718101 - nes-payment - com.netflix.discovery.DiscoveryClient.fetchRegistry(976) - Disable delta property : false
13-02-2020 23:58:15.603 [main] INFO  Cheta314718101 - nes-payment - com.netflix.discovery.DiscoveryClient.fetchRegistry(977) - Single vip registry refresh property : null
13-02-2020 23:58:15.604 [main] INFO  Cheta314718101 - nes-payment - com.netflix.discovery.DiscoveryClient.fetchRegistry(978) - Force full registry fetch : false
13-02-2020 23:58:15.604 [main] INFO  Cheta314718101 - nes-payment - com.netflix.discovery.DiscoveryClient.fetchRegistry(979) - Application is null : false
13-02-2020 23:58:15.604 [main] INFO  Cheta314718101 - nes-payment - com.netflix.discovery.DiscoveryClient.fetchRegistry(980) - Registered Applications size is zero : true
13-02-2020 23:58:15.604 [main] INFO  Cheta314718101 - nes-payment - com.netflix.discovery.DiscoveryClient.fetchRegistry(982) - Application version is -1: true
13-02-2020 23:58:15.604 [main] INFO  Cheta314718101 - nes-payment - com.netflix.discovery.DiscoveryClient.getAndStoreFullRegistry(1065) - Getting all instance registry info from the eureka server
13-02-2020 23:58:15.807 [main] INFO  Cheta314718101 - nes-payment - com.netflix.discovery.DiscoveryClient.getAndStoreFullRegistry(1074) - The response status is 200
13-02-2020 23:58:15.810 [main] INFO  Cheta314718101 - nes-payment - com.netflix.discovery.DiscoveryClient.initScheduledTasks(1288) - Starting heartbeat executor: renew interval is: 30
13-02-2020 23:58:15.812 [main] INFO  Cheta314718101 - nes-payment - com.netflix.discovery.InstanceInfoReplicator.<init>(60) - InstanceInfoReplicator onDemand update allowed rate per min is 4
13-02-2020 23:58:15.817 [main] INFO  Cheta314718101 - nes-payment - com.netflix.discovery.DiscoveryClient.<init>(465) - Discovery Client initialized at timestamp 1581618495815 with initial instances count: 1
13-02-2020 23:58:15.818 [main] INFO  Cheta314718101 - nes-payment - org.springframework.cloud.netflix.eureka.serviceregistry.EurekaServiceRegistry.register(41) - Registering application NES-PAYMENT with eureka with status UP
13-02-2020 23:58:15.819 [main] INFO  Cheta314718101 - nes-payment - com.netflix.discovery.DiscoveryClient.notify(1323) - Saw local status change event StatusChangeEvent [timestamp=1581618495819, current=UP, previous=STARTING]
13-02-2020 23:58:15.821 [DiscoveryClient-InstanceInfoReplicator-0] INFO  Cheta314718101 - nes-payment - com.netflix.discovery.DiscoveryClient.register(844) - DiscoveryClient_NES-PAYMENT/Cheta314718101.Nagarro.local:nes-payment:8082: registering service...
13-02-2020 23:58:15.823 [main] INFO  Cheta314718101 - nes-payment - springfox.documentation.spring.web.plugins.DocumentationPluginsBootstrapper.start(147) - Context refreshed
13-02-2020 23:58:15.848 [main] INFO  Cheta314718101 - nes-payment - springfox.documentation.spring.web.plugins.DocumentationPluginsBootstrapper.start(150) - Found 1 custom documentation plugin(s)
13-02-2020 23:58:15.860 [DiscoveryClient-InstanceInfoReplicator-0] INFO  Cheta314718101 - nes-payment - com.netflix.discovery.DiscoveryClient.register(853) - DiscoveryClient_NES-PAYMENT/Cheta314718101.Nagarro.local:nes-payment:8082 - registration status: 204
13-02-2020 23:58:15.892 [main] INFO  Cheta314718101 - nes-payment - springfox.documentation.spring.web.scanners.ApiListingReferenceScanner.scan(41) - Scanning for api listing references
13-02-2020 23:58:15.916 [main] INFO  Cheta314718101 - nes-payment - org.apache.coyote.http11.Http11NioProtocol.log(173) - Starting ProtocolHandler ["http-nio-8082"]
13-02-2020 23:58:15.984 [main] INFO  Cheta314718101 - nes-payment - org.springframework.boot.web.embedded.tomcat.TomcatWebServer.start(204) - Tomcat started on port(s): 8082 (http) with context path ''
13-02-2020 23:58:15.985 [main] INFO  Cheta314718101 - nes-payment - org.springframework.cloud.netflix.eureka.serviceregistry.EurekaAutoServiceRegistration.onApplicationEvent(145) - Updating port to 8082
13-02-2020 23:58:17.520 [main] INFO  Cheta314718101 - nes-payment - com.nagarro.nes.NESPaymentApplication.logStarted(61) - Started NESPaymentApplication in 16.516 seconds (JVM running for 18.75)
13-02-2020 23:59:09.702 [http-nio-8082-exec-1] INFO  Cheta314718101 - nes-payment - org.apache.catalina.core.ContainerBase.[Tomcat].[localhost].[/].log(173) - Initializing Spring DispatcherServlet 'dispatcherServlet'
13-02-2020 23:59:09.702 [http-nio-8082-exec-1] INFO  Cheta314718101 - nes-payment - org.springframework.web.servlet.DispatcherServlet.initServletBean(525) - Initializing Servlet 'dispatcherServlet'
13-02-2020 23:59:09.709 [http-nio-8082-exec-1] INFO  Cheta314718101 - nes-payment - org.springframework.web.servlet.DispatcherServlet.initServletBean(547) - Completed initialization in 6 ms
